#
# There is insufficient memory for the Java Runtime Environment to continue.
# Native memory allocation (mmap) failed to map 268435456 bytes for Failed to commit area from 0x0000000701a00000 to 0x0000000711a00000 of length 268435456.
# Possible reasons:
#   The system is out of physical RAM or swap space
#   The process is running with CompressedOops enabled, and the Java Heap may be blocking the growth of the native heap
# Possible solutions:
#   Reduce memory load on the system
#   Increase physical memory or swap space
#   Check if swap backing store is full
#   Decrease Java heap size (-Xmx/-Xms)
#   Decrease number of Java threads
#   Decrease Java thread stack sizes (-Xss)
#   Set larger code cache with -XX:ReservedCodeCacheSize=
# This output file may be truncated or incomplete.
#
#  Out of Memory Error (./src/hotspot/os/windows/os_windows.cpp:3380), pid=17760, tid=11512
#
# JRE version:  (11.0.12+7) (build )
# Java VM: OpenJDK 64-Bit Server VM (11.0.12+7, mixed mode, sharing, tiered, compressed oops, g1 gc, windows-amd64)
# No core dump will be written. Minidumps are not enabled by default on client versions of Windows
#

---------------  S U M M A R Y ------------

Command Line: -javaagent:D:\IntelliJ IDEA 2023.3.3\lib\idea_rt.jar=62497:D:\IntelliJ IDEA 2023.3.3\bin -Dfile.encoding=UTF-8 org.example.App

Host: Intel(R) Core(TM) i5-7300HQ CPU @ 2.50GHz, 4 cores, 15G,  Windows 10 , 64 bit Build 19041 (10.0.19041.3636)
Time: Mon Feb 26 17:48:45 2024 RTZ 2 (зима) elapsed time: 0.017607 seconds (0d 0h 0m 0s)

---------------  T H R E A D  ---------------

Current thread (0x0000022e52416000):  JavaThread "Unknown thread" [_thread_in_vm, id=11512, stack(0x0000005244800000,0x0000005244900000)]

Stack: [0x0000005244800000,0x0000005244900000]
Native frames: (J=compiled Java code, j=interpreted, Vv=VM code, C=native code)
V  [jvm.dll+0x6090fa]
V  [jvm.dll+0x79229e]
V  [jvm.dll+0x79396f]
V  [jvm.dll+0x794033]
V  [jvm.dll+0x24bed8]
V  [jvm.dll+0x60624a]
V  [jvm.dll+0x5facf5]
V  [jvm.dll+0x303b5c]
V  [jvm.dll+0x3039e2]
V  [jvm.dll+0x308706]
V  [jvm.dll+0x34d5cf]
V  [jvm.dll+0x34d000]
V  [jvm.dll+0x2e0c68]
V  [jvm.dll+0x2e1dc6]
V  [jvm.dll+0x76d627]
V  [jvm.dll+0x76edaf]
V  [jvm.dll+0x35a359]
V  [jvm.dll+0x750710]
V  [jvm.dll+0x3c1f8f]
V  [jvm.dll+0x3c4461]
C  [jli.dll+0x5207]
C  [ucrtbase.dll+0x21bb2]
C  [KERNEL32.DLL+0x17344]
C  [ntdll.dll+0x526b1]


---------------  P R O C E S S  ---------------

Threads class SMR info:
_java_thread_list=0x0000022e50243d30, length=0, elements={
}

Java Threads: ( => current thread )

Other Threads:
  0x0000022e5242d800 GCTaskThread "GC Thread#0" [stack: 0x0000005244900000,0x0000005244a00000] [id=6972]
  0x0000022e52489000 ConcurrentGCThread "G1 Main Marker" [stack: 0x0000005244a00000,0x0000005244b00000] [id=18224]
  0x0000022e5248b800 ConcurrentGCThread "G1 Conc#0" [stack: 0x0000005244b00000,0x0000005244c00000] [id=15624]

[error occurred during error reporting (printing all threads), id 0xc0000005, EXCEPTION_ACCESS_VIOLATION (0xc0000005) at pc=0x00007ffb123b0337]

VM state:not at safepoint (not fully initialized)

VM Mutex/Monitor currently owned by a thread:  ([mutex/lock_event])
[0x0000022e52411110] Heap_lock - owner thread: 0x0000022e52416000

Heap address: 0x0000000701a00000, size: 4070 MB, Compressed Oops mode: Non-zero based: 0x0000000701a00000
Narrow klass base: 0x0000000000000000, Narrow klass shift: 0

GC Heap History (0 events):
No events

Deoptimization events (0 events):
No events

Classes redefined (0 events):
No events

Internal exceptions (0 events):
No events

Events (1 events):
Event: 0.009 Loaded shared library C:\Program Files\Microsoft\jdk-11.0.12.7-hotspot\bin\zip.dll


Dynamic libraries:
0x00007ff6953e0000 - 0x00007ff6953ed000 	C:\Program Files\Microsoft\jdk-11.0.12.7-hotspot\bin\java.exe
0x00007ffb54530000 - 0x00007ffb54728000 	C:\Windows\SYSTEM32\ntdll.dll
0x00007ffb53dc0000 - 0x00007ffb53e7d000 	C:\Windows\System32\KERNEL32.DLL
0x00007ffb51e10000 - 0x00007ffb52106000 	C:\Windows\System32\KERNELBASE.dll
0x00007ffb52350000 - 0x00007ffb52450000 	C:\Windows\System32\ucrtbase.dll
0x00007ffb3e2f0000 - 0x00007ffb3e307000 	C:\Program Files\Microsoft\jdk-11.0.12.7-hotspot\bin\jli.dll
0x00007ffb3e180000 - 0x00007ffb3e195000 	C:\Program Files\Microsoft\jdk-11.0.12.7-hotspot\bin\VCRUNTIME140.dll
0x00007ffb526d0000 - 0x00007ffb5286e000 	C:\Windows\System32\USER32.dll
0x00007ffb51d70000 - 0x00007ffb51d92000 	C:\Windows\System32\win32u.dll
0x00007ffb52ab0000 - 0x00007ffb52adb000 	C:\Windows\System32\GDI32.dll
0x00007ffb2ea50000 - 0x00007ffb2ecea000 	C:\Windows\WinSxS\amd64_microsoft.windows.common-controls_6595b64144ccf1df_6.0.19041.3636_none_60b6a03d71f818d5\COMCTL32.dll
0x00007ffb52450000 - 0x00007ffb52567000 	C:\Windows\System32\gdi32full.dll
0x00007ffb52db0000 - 0x00007ffb52e4e000 	C:\Windows\System32\msvcrt.dll
0x00007ffb51bf0000 - 0x00007ffb51c8d000 	C:\Windows\System32\msvcp_win.dll
0x00007ffb52940000 - 0x00007ffb52972000 	C:\Windows\System32\IMM32.DLL
0x00007ffb28a80000 - 0x00007ffb28b1b000 	C:\Program Files\Microsoft\jdk-11.0.12.7-hotspot\bin\msvcp140.dll
0x00007ffb120c0000 - 0x00007ffb12c21000 	C:\Program Files\Microsoft\jdk-11.0.12.7-hotspot\bin\server\jvm.dll
0x00007ffb52b40000 - 0x00007ffb52bf3000 	C:\Windows\System32\ADVAPI32.dll
0x00007ffb52e50000 - 0x00007ffb52eef000 	C:\Windows\System32\sechost.dll
0x00007ffb52980000 - 0x00007ffb52aa6000 	C:\Windows\System32\RPCRT4.dll
0x00007ffb51c90000 - 0x00007ffb51cb7000 	C:\Windows\System32\bcrypt.dll
0x00007ffb530b0000 - 0x00007ffb530b8000 	C:\Windows\System32\PSAPI.DLL
0x00007ffb3deb0000 - 0x00007ffb3deb9000 	C:\Windows\SYSTEM32\WSOCK32.dll
0x00007ffb53e80000 - 0x00007ffb53eeb000 	C:\Windows\System32\WS2_32.dll
0x00007ffb3e120000 - 0x00007ffb3e147000 	C:\Windows\SYSTEM32\WINMM.dll
0x00007ffb44bc0000 - 0x00007ffb44bca000 	C:\Windows\SYSTEM32\VERSION.dll
0x00007ffb4fa60000 - 0x00007ffb4fa72000 	C:\Windows\SYSTEM32\kernel.appcore.dll
0x00007ffb3e5a0000 - 0x00007ffb3e5b0000 	C:\Program Files\Microsoft\jdk-11.0.12.7-hotspot\bin\verify.dll
0x00007ffb43ce0000 - 0x00007ffb43ec4000 	C:\Windows\SYSTEM32\DBGHELP.DLL
0x00007ffb43c60000 - 0x00007ffb43c94000 	C:\Windows\SYSTEM32\dbgcore.DLL
0x00007ffb52110000 - 0x00007ffb52192000 	C:\Windows\System32\bcryptPrimitives.dll
0x00007ffb3dab0000 - 0x00007ffb3dad8000 	C:\Program Files\Microsoft\jdk-11.0.12.7-hotspot\bin\java.dll
0x00007ffb3e440000 - 0x00007ffb3e44a000 	C:\Program Files\Microsoft\jdk-11.0.12.7-hotspot\bin\jimage.dll
0x00007ffb4d570000 - 0x00007ffb4d57e000 	C:\Program Files\Microsoft\jdk-11.0.12.7-hotspot\bin\instrument.dll
0x00007ffb3e160000 - 0x00007ffb3e177000 	C:\Program Files\Microsoft\jdk-11.0.12.7-hotspot\bin\zip.dll

dbghelp: loaded successfully - version: 4.0.5 - missing functions: none
symbol engine: initialized successfully - sym options: 0x614 - pdb path: .;C:\Program Files\Microsoft\jdk-11.0.12.7-hotspot\bin;C:\Windows\SYSTEM32;C:\Windows\WinSxS\amd64_microsoft.windows.common-controls_6595b64144ccf1df_6.0.19041.3636_none_60b6a03d71f818d5;C:\Program Files\Microsoft\jdk-11.0.12.7-hotspot\bin\server

VM Arguments:
jvm_args: -javaagent:D:\IntelliJ IDEA 2023.3.3\lib\idea_rt.jar=62497:D:\IntelliJ IDEA 2023.3.3\bin -Dfile.encoding=UTF-8 
java_command: org.example.App
java_class_path (initial): E:\РГГМУ\4 курс\2 сем\Практика\Практическое задание парсер МР-231-3\Code\mr-231\target\classes;C:\Users\Nastya\.m2\repository\org\apache\camel\camel-core\2.17.3\camel-core-2.17.3.jar;C:\Users\Nastya\.m2\repository\org\slf4j\slf4j-api\1.7.21\slf4j-api-1.7.21.jar;C:\Users\Nastya\.m2\repository\com\sun\xml\bind\jaxb-core\2.2.11\jaxb-core-2.2.11.jar;C:\Users\Nastya\.m2\repository\com\sun\xml\bind\jaxb-impl\2.2.11\jaxb-impl-2.2.11.jar;C:\Users\Nastya\.m2\repository\org\apache\mina\mina-core\2.0.7\mina-core-2.0.7.jar;C:\Users\Nastya\.m2\repository\org\jboss\logging\jboss-logging\3.2.1.Final\jboss-logging-3.2.1.Final.jar;C:\Users\Nastya\.m2\repository\net\sf\supercsv\super-csv\2.1.0\super-csv-2.1.0.jar;C:\Users\Nastya\.m2\repository\org\jboss\spec\javax\jms\jboss-jms-api_2.0_spec\1.0.0.Final\jboss-jms-api_2.0_spec-1.0.0.Final.jar;C:\Users\Nastya\.m2\repository\org\jboss\spec\javax\ejb\jboss-ejb-api_3.2_spec\1.0.0.Final\jboss-ejb-api_3.2_spec-1.0.0.Final.jar;E:\РГГМУ\4 курс\2 сем\Практика\Практическое задание парсер МР-231-3\Code\startApp\target\classes
Launcher Type: SUN_STANDARD

[Global flags]
     intx CICompilerCount                          = 3                                         {product} {ergonomic}
     uint ConcGCThreads                            = 1                                         {product} {ergonomic}
     uint G1ConcRefinementThreads                  = 4                                         {product} {ergonomic}
   size_t G1HeapRegionSize                         = 1048576                                   {product} {ergonomic}
    uintx GCDrainStackTargetSize                   = 64                                        {product} {ergonomic}
   size_t InitialHeapSize                          = 268435456                                 {product} {ergonomic}
   size_t MarkStackSize                            = 4194304                                   {product} {ergonomic}
   size_t MaxHeapSize                              = 4267704320                                {product} {ergonomic}
   size_t MinHeapDeltaBytes                        = 1048576                                   {product} {ergonomic}
    uintx NonNMethodCodeHeapSize                   = 5830732                                {pd product} {ergonomic}
    uintx NonProfiledCodeHeapSize                  = 122913754                              {pd product} {ergonomic}
    uintx ProfiledCodeHeapSize                     = 122913754                              {pd product} {ergonomic}
    uintx ReservedCodeCacheSize                    = 251658240                              {pd product} {ergonomic}
     bool SegmentedCodeCache                       = true                                      {product} {ergonomic}
     bool UseCompressedClassPointers               = true                                 {lp64_product} {ergonomic}
     bool UseCompressedOops                        = true                                 {lp64_product} {ergonomic}
     bool UseG1GC                                  = true                                      {product} {ergonomic}
     bool UseLargePagesIndividualAllocation        = false                                  {pd product} {ergonomic}

Logging:
Log output configuration:
 #0: stdout all=warning uptime,level,tags
 #1: stderr all=off uptime,level,tags

Environment Variables:
PATH=C:\ProgramData\Oracle\Java\javapath;C:\Program Files\Microsoft\jdk-11.0.12.7-hotspot\bin;C:\Windows\system32;C:\Windows;C:\Windows\System32\Wbem;C:\Windows\System32\WindowsPowerShell\v1.0\;C:\Windows\System32\OpenSSH\;C:\Program Files (x86)\NVIDIA Corporation\PhysX\Common;C:\Program Files\Microsoft SQL Server\130\Tools\Binn\;C:\Program Files\Common Files\Autodesk Shared\;C:\Program Files\Microsoft SQL Server\120\Tools\Binn\;C:\Qt\5.11.3\msvc2017_64\bin;C:\Program Files (x86)\bin;D:\Nastya\work\SDK1;D:\Nastya\cmake-3.21.4-windows-x86_64\bin;C:\Program Files\MySQL\MySQL Router 8.0\bin;C:\Program Files\MySQL\MySQL Server 8.0\bin;C:\Program Files\MySQL\MySQL Shell 8.0\bin;C:\Program Files\MySQL\MySQL Workbench 8.0;C:\Program Files\MySQL;C:\ProgramData\Microsoft\Windows\Start Menu\Programs\MySQL;C:\Program Files\MySQL\MySQL Server 8.0\lib;C:\Users\Nastya\anaconda3\pkgs\python-3.9.7-h6244533_1;C:\Users\Nastya\anaconda3;D:\Nastya\Git\cmd;C:\Program Files\Microsoft SQL Server\150\Tools\Binn\;C:\Program Files\Microsoft SQL Server\Client SDK\ODBC\170\Tools\Binn\;C:\Program Files\dotnet\;C:\Program Files\Python310\Scripts\;C:\Program Files\Python310\;C:\Users\Nastya\AppData\Local\Microsoft\WindowsApps\;C:\Program Files\Docker\Docker\resources\bin;C:\Users\Nastya\AppData\Roaming\npm\;C:\Users\Nastya\AppData\Roaming\nvm;C:\Program Files\nodejs;C:\Program Files\MySQL\MySQL Shell 8.0\bin\;C:\Users\Nastya\AppData\Local\Programs\Python\Python39\Scripts\;C:\Users\Nastya\AppData\Local\Programs\Python\Python39\;C:\Users\Nastya\AppData\Local\Programs\Python\Python310\Scripts\;C:\Users\Nastya\AppData\Local\Programs\Python\Python310\;C:\Users\Nastya\AppData\Local\Microsoft\WindowsApps;D:\Program Files\PyCharm Community Edition 2022.2.2\bin;;C:\Program Files (x86)\bin;D:\Nastya\work;C:\Users\Nastya\.dotnet\tools;C:\Users\Nastya\AppData\Local\Microsoft\WindowsApps\;C:\Users\Nastya\AppData\Roaming\npm;C:\Users\Nastya\AppData\Roaming\nvm;C:\Program Files\nodejs;D:\IntelliJ IDEA 2023.3.3\bin
USERNAME=Nastya
OS=Windows_NT
PROCESSOR_IDENTIFIER=Intel64 Family 6 Model 158 Stepping 9, GenuineIntel



---------------  S Y S T E M  ---------------

OS: Windows 10 , 64 bit Build 19041 (10.0.19041.3636)
OS uptime: 7 days 18:46 hours
Hyper-V role detected

CPU:total 4 (initial active 4) (4 cores per cpu, 1 threads per core) family 6 model 158 stepping 9 microcode 0xb4, cmov, cx8, fxsr, mmx, sse, sse2, sse3, ssse3, sse4.1, sse4.2, popcnt, avx, avx2, aes, clmul, erms, 3dnowpref, lzcnt, tsc, tscinvbit, bmi1, bmi2, adx, fma

Memory: 4k page, system-wide physical 16276M (2353M free)
TotalPageFile size 44010M (AvailPageFile size 227M)
current process WorkingSet (physical memory assigned to process): 10M, peak: 10M
current process commit charge ("private bytes"): 52M, peak: 308M

vm_info: OpenJDK 64-Bit Server VM (11.0.12+7) for windows-amd64 JRE (11.0.12+7), built on Jul 21 2021 15:41:43 by "" with unknown MS VC++:1916

END.
